Performing C++ SOURCE FILE Test flag_supported failed with the following output:
Change Dir: /Users/yejianfeng/Desktop/code/games101/tinykaboom/build/CMakeFiles/CMakeScratch/TryCompile-mou60q

Run Build Command(s):/usr/bin/make -f Makefile cmTC_fbcac/fast && /Library/Developer/CommandLineTools/usr/bin/make  -f CMakeFiles/cmTC_fbcac.dir/build.make CMakeFiles/cmTC_fbcac.dir/build
Building CXX object CMakeFiles/cmTC_fbcac.dir/src.cxx.o
/Library/Developer/CommandLineTools/usr/bin/c++ -Dflag_supported  -Wall -Wextra -pedantic -std=c++11 -O3  -isysroot /Library/Developer/CommandLineTools/SDKs/MacOSX13.1.sdk   -fopenmp -MD -MT CMakeFiles/cmTC_fbcac.dir/src.cxx.o -MF CMakeFiles/cmTC_fbcac.dir/src.cxx.o.d -o CMakeFiles/cmTC_fbcac.dir/src.cxx.o -c /Users/yejianfeng/Desktop/code/games101/tinykaboom/build/CMakeFiles/CMakeScratch/TryCompile-mou60q/src.cxx
clang: error: unsupported option '-fopenmp'
make[1]: *** [CMakeFiles/cmTC_fbcac.dir/src.cxx.o] Error 1
make: *** [cmTC_fbcac/fast] Error 2


Source file was:
int main() { return 0; }

Performing C++ SOURCE FILE Test flag_supported failed with the following output:
Change Dir: /Users/yejianfeng/Desktop/code/games101/tinykaboom/build/CMakeFiles/CMakeScratch/TryCompile-Y58fXk

Run Build Command(s):/usr/bin/make -f Makefile cmTC_d94a9/fast && /Library/Developer/CommandLineTools/usr/bin/make  -f CMakeFiles/cmTC_d94a9.dir/build.make CMakeFiles/cmTC_d94a9.dir/build
Building CXX object CMakeFiles/cmTC_d94a9.dir/src.cxx.o
/Library/Developer/CommandLineTools/usr/bin/c++ -Dflag_supported  -Wall -Wextra -pedantic -std=c++11 -O3  -isysroot /Library/Developer/CommandLineTools/SDKs/MacOSX13.1.sdk   -fopenmp -MD -MT CMakeFiles/cmTC_d94a9.dir/src.cxx.o -MF CMakeFiles/cmTC_d94a9.dir/src.cxx.o.d -o CMakeFiles/cmTC_d94a9.dir/src.cxx.o -c /Users/yejianfeng/Desktop/code/games101/tinykaboom/build/CMakeFiles/CMakeScratch/TryCompile-Y58fXk/src.cxx
clang: error: unsupported option '-fopenmp'
make[1]: *** [CMakeFiles/cmTC_d94a9.dir/src.cxx.o] Error 1
make: *** [cmTC_d94a9/fast] Error 2


Source file was:
int main() { return 0; }

Performing C++ SOURCE FILE Test flag_supported failed with the following output:
Change Dir: /Users/yejianfeng/Desktop/code/games101/tinykaboom/build/CMakeFiles/CMakeScratch/TryCompile-b8tiK4

Run Build Command(s):/usr/bin/make -f Makefile cmTC_a5b07/fast && /Library/Developer/CommandLineTools/usr/bin/make  -f CMakeFiles/cmTC_a5b07.dir/build.make CMakeFiles/cmTC_a5b07.dir/build
Building CXX object CMakeFiles/cmTC_a5b07.dir/src.cxx.o
/Library/Developer/CommandLineTools/usr/bin/c++ -Dflag_supported  -Wall -Wextra -pedantic -std=c++11 -O3  -isysroot /Library/Developer/CommandLineTools/SDKs/MacOSX13.1.sdk   -fopenmp -MD -MT CMakeFiles/cmTC_a5b07.dir/src.cxx.o -MF CMakeFiles/cmTC_a5b07.dir/src.cxx.o.d -o CMakeFiles/cmTC_a5b07.dir/src.cxx.o -c /Users/yejianfeng/Desktop/code/games101/tinykaboom/build/CMakeFiles/CMakeScratch/TryCompile-b8tiK4/src.cxx
clang: error: unsupported option '-fopenmp'
make[1]: *** [CMakeFiles/cmTC_a5b07.dir/src.cxx.o] Error 1
make: *** [cmTC_a5b07/fast] Error 2


Source file was:
int main() { return 0; }

Performing C++ SOURCE FILE Test flag_supported failed with the following output:
Change Dir: /Users/yejianfeng/Desktop/code/games101/tinykaboom/build/CMakeFiles/CMakeScratch/TryCompile-hId7lt

Run Build Command(s):/usr/bin/make -f Makefile cmTC_5a045/fast && /Library/Developer/CommandLineTools/usr/bin/make  -f CMakeFiles/cmTC_5a045.dir/build.make CMakeFiles/cmTC_5a045.dir/build
Building CXX object CMakeFiles/cmTC_5a045.dir/src.cxx.o
/Library/Developer/CommandLineTools/usr/bin/c++ -Dflag_supported  -Wall -Wextra -pedantic -std=c++11 -O3  -isysroot /Library/Developer/CommandLineTools/SDKs/MacOSX13.1.sdk   -fopenmp -MD -MT CMakeFiles/cmTC_5a045.dir/src.cxx.o -MF CMakeFiles/cmTC_5a045.dir/src.cxx.o.d -o CMakeFiles/cmTC_5a045.dir/src.cxx.o -c /Users/yejianfeng/Desktop/code/games101/tinykaboom/build/CMakeFiles/CMakeScratch/TryCompile-hId7lt/src.cxx
clang: error: unsupported option '-fopenmp'
make[1]: *** [CMakeFiles/cmTC_5a045.dir/src.cxx.o] Error 1
make: *** [cmTC_5a045/fast] Error 2


Source file was:
int main() { return 0; }

Performing C++ SOURCE FILE Test flag_supported failed with the following output:
Change Dir: /Users/yejianfeng/Desktop/code/games101/tinykaboom/build/CMakeFiles/CMakeScratch/TryCompile-6ffI2s

Run Build Command(s):/usr/bin/make -f Makefile cmTC_bd836/fast && /Library/Developer/CommandLineTools/usr/bin/make  -f CMakeFiles/cmTC_bd836.dir/build.make CMakeFiles/cmTC_bd836.dir/build
Building CXX object CMakeFiles/cmTC_bd836.dir/src.cxx.o
/Library/Developer/CommandLineTools/usr/bin/c++ -Dflag_supported  -Wall -Wextra -pedantic -std=c++11 -O3  -isysroot /Library/Developer/CommandLineTools/SDKs/MacOSX13.1.sdk   -fopenmp -MD -MT CMakeFiles/cmTC_bd836.dir/src.cxx.o -MF CMakeFiles/cmTC_bd836.dir/src.cxx.o.d -o CMakeFiles/cmTC_bd836.dir/src.cxx.o -c /Users/yejianfeng/Desktop/code/games101/tinykaboom/build/CMakeFiles/CMakeScratch/TryCompile-6ffI2s/src.cxx
clang: error: unsupported option '-fopenmp'
make[1]: *** [CMakeFiles/cmTC_bd836.dir/src.cxx.o] Error 1
make: *** [cmTC_bd836/fast] Error 2


Source file was:
int main() { return 0; }

Performing C++ SOURCE FILE Test flag_supported failed with the following output:
Change Dir: /Users/yejianfeng/Desktop/code/games101/tinykaboom/build/CMakeFiles/CMakeScratch/TryCompile-VlVWa1

Run Build Command(s):/usr/bin/make -f Makefile cmTC_f05e3/fast && /Library/Developer/CommandLineTools/usr/bin/make  -f CMakeFiles/cmTC_f05e3.dir/build.make CMakeFiles/cmTC_f05e3.dir/build
Building CXX object CMakeFiles/cmTC_f05e3.dir/src.cxx.o
/Library/Developer/CommandLineTools/usr/bin/c++ -Dflag_supported  -Wall -Wextra -pedantic -std=c++11 -O3  -isysroot /Library/Developer/CommandLineTools/SDKs/MacOSX13.1.sdk   -fopenmp -MD -MT CMakeFiles/cmTC_f05e3.dir/src.cxx.o -MF CMakeFiles/cmTC_f05e3.dir/src.cxx.o.d -o CMakeFiles/cmTC_f05e3.dir/src.cxx.o -c /Users/yejianfeng/Desktop/code/games101/tinykaboom/build/CMakeFiles/CMakeScratch/TryCompile-VlVWa1/src.cxx
clang: error: unsupported option '-fopenmp'
make[1]: *** [CMakeFiles/cmTC_f05e3.dir/src.cxx.o] Error 1
make: *** [cmTC_f05e3/fast] Error 2


Source file was:
int main() { return 0; }

Performing C++ SOURCE FILE Test flag_supported failed with the following output:
Change Dir: /Users/yejianfeng/Desktop/code/games101/tinykaboom/build/CMakeFiles/CMakeScratch/TryCompile-kLJPYP

Run Build Command(s):/usr/bin/make -f Makefile cmTC_5d54a/fast && /Library/Developer/CommandLineTools/usr/bin/make  -f CMakeFiles/cmTC_5d54a.dir/build.make CMakeFiles/cmTC_5d54a.dir/build
Building CXX object CMakeFiles/cmTC_5d54a.dir/src.cxx.o
/Library/Developer/CommandLineTools/usr/bin/c++ -Dflag_supported  -Wall -Wextra -pedantic -std=c++11 -O3  -isysroot /Library/Developer/CommandLineTools/SDKs/MacOSX13.1.sdk   -fopenmp -MD -MT CMakeFiles/cmTC_5d54a.dir/src.cxx.o -MF CMakeFiles/cmTC_5d54a.dir/src.cxx.o.d -o CMakeFiles/cmTC_5d54a.dir/src.cxx.o -c /Users/yejianfeng/Desktop/code/games101/tinykaboom/build/CMakeFiles/CMakeScratch/TryCompile-kLJPYP/src.cxx
clang: error: unsupported option '-fopenmp'
make[1]: *** [CMakeFiles/cmTC_5d54a.dir/src.cxx.o] Error 1
make: *** [cmTC_5d54a/fast] Error 2


Source file was:
int main() { return 0; }

Performing C++ SOURCE FILE Test flag_supported failed with the following output:
Change Dir: /Users/yejianfeng/Desktop/code/games101/tinykaboom/build/CMakeFiles/CMakeScratch/TryCompile-DqMmgR

Run Build Command(s):/usr/bin/make -f Makefile cmTC_bd100/fast && /Library/Developer/CommandLineTools/usr/bin/make  -f CMakeFiles/cmTC_bd100.dir/build.make CMakeFiles/cmTC_bd100.dir/build
Building CXX object CMakeFiles/cmTC_bd100.dir/src.cxx.o
/Library/Developer/CommandLineTools/usr/bin/c++ -Dflag_supported  -Wall -Wextra -pedantic -std=c++11 -O3  -isysroot /Library/Developer/CommandLineTools/SDKs/MacOSX13.1.sdk   -fopenmp -MD -MT CMakeFiles/cmTC_bd100.dir/src.cxx.o -MF CMakeFiles/cmTC_bd100.dir/src.cxx.o.d -o CMakeFiles/cmTC_bd100.dir/src.cxx.o -c /Users/yejianfeng/Desktop/code/games101/tinykaboom/build/CMakeFiles/CMakeScratch/TryCompile-DqMmgR/src.cxx
clang: error: unsupported option '-fopenmp'
make[1]: *** [CMakeFiles/cmTC_bd100.dir/src.cxx.o] Error 1
make: *** [cmTC_bd100/fast] Error 2


Source file was:
int main() { return 0; }

