The system is: Darwin - 22.3.0 - x86_64
Compiling the C compiler identification source file "CMakeCCompilerId.c" succeeded.
Compiler: /Library/Developer/CommandLineTools/usr/bin/cc 
Build flags: 
Id flags: -c 

The output was:
0


Compilation of the C compiler identification source "CMakeCCompilerId.c" produced "CMakeCCompilerId.o"

The C compiler identification is AppleClang, found in "/Users/yejianfeng/Desktop/code/games101/tinykaboom/build/CMakeFiles/3.25.2/CompilerIdC/CMakeCCompilerId.o"

Compiling the CXX compiler identification source file "CMakeCXXCompilerId.cpp" succeeded.
Compiler: /Library/Developer/CommandLineTools/usr/bin/c++ 
Build flags: 
Id flags: -c 

The output was:
0


Compilation of the CXX compiler identification source "CMakeCXXCompilerId.cpp" produced "CMakeCXXCompilerId.o"

The CXX compiler identification is AppleClang, found in "/Users/yejianfeng/Desktop/code/games101/tinykaboom/build/CMakeFiles/3.25.2/CompilerIdCXX/CMakeCXXCompilerId.o"

Detecting C compiler ABI info compiled with the following output:
Change Dir: /Users/yejianfeng/Desktop/code/games101/tinykaboom/build/CMakeFiles/CMakeScratch/TryCompile-0lmOIX

Run Build Command(s):/usr/bin/make -f Makefile cmTC_d9433/fast && /Library/Developer/CommandLineTools/usr/bin/make  -f CMakeFiles/cmTC_d9433.dir/build.make CMakeFiles/cmTC_d9433.dir/build
Building C object CMakeFiles/cmTC_d9433.dir/CMakeCCompilerABI.c.o
/Library/Developer/CommandLineTools/usr/bin/cc   -isysroot /Library/Developer/CommandLineTools/SDKs/MacOSX13.1.sdk   -v -Wl,-v -MD -MT CMakeFiles/cmTC_d9433.dir/CMakeCCompilerABI.c.o -MF CMakeFiles/cmTC_d9433.dir/CMakeCCompilerABI.c.o.d -o CMakeFiles/cmTC_d9433.dir/CMakeCCompilerABI.c.o -c /usr/local/Cellar/cmake/3.25.2/share/cmake/Modules/CMakeCCompilerABI.c
Apple clang version 14.0.0 (clang-1400.0.29.202)
Target: x86_64-apple-darwin22.3.0
Thread model: posix
InstalledDir: /Library/Developer/CommandLineTools/usr/bin
clang: warning: -Wl,-v: 'linker' input unused [-Wunused-command-line-argument]
 "/Library/Developer/CommandLineTools/usr/bin/clang" -cc1 -triple x86_64-apple-macosx13.0.0 -Wundef-prefix=TARGET_OS_ -Wdeprecated-objc-isa-usage -Werror=deprecated-objc-isa-usage -Werror=implicit-function-declaration -emit-obj -mrelax-all --mrelax-relocations -disable-free -clear-ast-before-backend -disable-llvm-verifier -discard-value-names -main-file-name CMakeCCompilerABI.c -mrelocation-model pic -pic-level 2 -mframe-pointer=all -fno-strict-return -fno-rounding-math -funwind-tables=2 -target-sdk-version=13.1 -fvisibility-inlines-hidden-static-local-var -target-cpu penryn -tune-cpu generic -debugger-tuning=lldb -target-linker-version 820.1 -v -resource-dir /Library/Developer/CommandLineTools/usr/lib/clang/14.0.0 -dependency-file CMakeFiles/cmTC_d9433.dir/CMakeCCompilerABI.c.o.d -skip-unused-modulemap-deps -MT CMakeFiles/cmTC_d9433.dir/CMakeCCompilerABI.c.o -sys-header-deps -isysroot /Library/Developer/CommandLineTools/SDKs/MacOSX13.1.sdk -internal-isystem /Library/Developer/CommandLineTools/SDKs/MacOSX13.1.sdk/usr/local/include -internal-isystem /Library/Developer/CommandLineTools/usr/lib/clang/14.0.0/include -internal-externc-isystem /Library/Developer/CommandLineTools/SDKs/MacOSX13.1.sdk/usr/include -internal-externc-isystem /Library/Developer/CommandLineTools/usr/include -Wno-reorder-init-list -Wno-implicit-int-float-conversion -Wno-c99-designator -Wno-final-dtor-non-final-class -Wno-extra-semi-stmt -Wno-misleading-indentation -Wno-quoted-include-in-framework-header -Wno-implicit-fallthrough -Wno-enum-enum-conversion -Wno-enum-float-conversion -Wno-elaborated-enum-base -Wno-reserved-identifier -Wno-gnu-folding-constant -Wno-cast-function-type -Wno-bitwise-instead-of-logical -fdebug-compilation-dir=/Users/yejianfeng/Desktop/code/games101/tinykaboom/build/CMakeFiles/CMakeScratch/TryCompile-0lmOIX -ferror-limit 19 -stack-protector 1 -fstack-check -mdarwin-stkchk-strong-link -fblocks -fencode-extended-block-signature -fregister-global-dtors-with-atexit -fgnuc-version=4.2.1 -fmax-type-align=16 -fcommon -clang-vendor-feature=+messageToSelfInClassMethodIdReturnType -clang-vendor-feature=+disableInferNewAvailabilityFromInit -clang-vendor-feature=+disableNonDependentMemberExprInCurrentInstantiation -fno-odr-hash-protocols -clang-vendor-feature=+enableAggressiveVLAFolding -clang-vendor-feature=+revert09abecef7bbf -clang-vendor-feature=+thisNoAlignAttr -clang-vendor-feature=+thisNoNullAttr -mllvm -disable-aligned-alloc-awareness=1 -D__GCC_HAVE_DWARF2_CFI_ASM=1 -o CMakeFiles/cmTC_d9433.dir/CMakeCCompilerABI.c.o -x c /usr/local/Cellar/cmake/3.25.2/share/cmake/Modules/CMakeCCompilerABI.c
clang -cc1 version 14.0.0 (clang-1400.0.29.202) default target x86_64-apple-darwin22.3.0
ignoring nonexistent directory "/Library/Developer/CommandLineTools/SDKs/MacOSX13.1.sdk/usr/local/include"
ignoring nonexistent directory "/Library/Developer/CommandLineTools/SDKs/MacOSX13.1.sdk/Library/Frameworks"
#include "..." search starts here:
#include <...> search starts here:
 /Library/Developer/CommandLineTools/usr/lib/clang/14.0.0/include
 /Library/Developer/CommandLineTools/SDKs/MacOSX13.1.sdk/usr/include
 /Library/Developer/CommandLineTools/usr/include
 /Library/Developer/CommandLineTools/SDKs/MacOSX13.1.sdk/System/Library/Frameworks (framework directory)
End of search list.
Linking C executable cmTC_d9433
/usr/local/Cellar/cmake/3.25.2/bin/cmake -E cmake_link_script CMakeFiles/cmTC_d9433.dir/link.txt --verbose=1
/Library/Developer/CommandLineTools/usr/bin/cc  -isysroot /Library/Developer/CommandLineTools/SDKs/MacOSX13.1.sdk -Wl,-search_paths_first -Wl,-headerpad_max_install_names  -v -Wl,-v CMakeFiles/cmTC_d9433.dir/CMakeCCompilerABI.c.o -o cmTC_d9433 
Apple clang version 14.0.0 (clang-1400.0.29.202)
Target: x86_64-apple-darwin22.3.0
Thread model: posix
InstalledDir: /Library/Developer/CommandLineTools/usr/bin
 "/Library/Developer/CommandLineTools/usr/bin/ld" -demangle -lto_library /Library/Developer/CommandLineTools/usr/lib/libLTO.dylib -dynamic -arch x86_64 -platform_version macos 13.0.0 13.1 -syslibroot /Library/Developer/CommandLineTools/SDKs/MacOSX13.1.sdk -o cmTC_d9433 -search_paths_first -headerpad_max_install_names -v CMakeFiles/cmTC_d9433.dir/CMakeCCompilerABI.c.o -lSystem /Library/Developer/CommandLineTools/usr/lib/clang/14.0.0/lib/darwin/libclang_rt.osx.a
@(#)PROGRAM:ld  PROJECT:ld64-820.1
BUILD 20:07:01 Nov  7 2022
configured to support archs: armv6 armv7 armv7s arm64 arm64e arm64_32 i386 x86_64 x86_64h armv6m armv7k armv7m armv7em
Library search paths:
	/Library/Developer/CommandLineTools/SDKs/MacOSX13.1.sdk/usr/lib
Framework search paths:
	/Library/Developer/CommandLineTools/SDKs/MacOSX13.1.sdk/System/Library/Frameworks/



Parsed C implicit include dir info from above output: rv=done
  found start of include info
  found start of implicit include info
    add: [/Library/Developer/CommandLineTools/usr/lib/clang/14.0.0/include]
    add: [/Library/Developer/CommandLineTools/SDKs/MacOSX13.1.sdk/usr/include]
    add: [/Library/Developer/CommandLineTools/usr/include]
  end of search list found
  collapse include dir [/Library/Developer/CommandLineTools/usr/lib/clang/14.0.0/include] ==> [/Library/Developer/CommandLineTools/usr/lib/clang/14.0.0/include]
  collapse include dir [/Library/Developer/CommandLineTools/SDKs/MacOSX13.1.sdk/usr/include] ==> [/Library/Developer/CommandLineTools/SDKs/MacOSX13.1.sdk/usr/include]
  collapse include dir [/Library/Developer/CommandLineTools/usr/include] ==> [/Library/Developer/CommandLineTools/usr/include]
  implicit include dirs: [/Library/Developer/CommandLineTools/usr/lib/clang/14.0.0/include;/Library/Developer/CommandLineTools/SDKs/MacOSX13.1.sdk/usr/include;/Library/Developer/CommandLineTools/usr/include]


Parsed C implicit link information from above output:
  link line regex: [^( *|.*[/\])(ld|CMAKE_LINK_STARTFILE-NOTFOUND|([^/\]+-)?ld|collect2)[^/\]*( |$)]
  ignore line: [Change Dir: /Users/yejianfeng/Desktop/code/games101/tinykaboom/build/CMakeFiles/CMakeScratch/TryCompile-0lmOIX]
  ignore line: []
  ignore line: [Run Build Command(s):/usr/bin/make -f Makefile cmTC_d9433/fast && /Library/Developer/CommandLineTools/usr/bin/make  -f CMakeFiles/cmTC_d9433.dir/build.make CMakeFiles/cmTC_d9433.dir/build]
  ignore line: [Building C object CMakeFiles/cmTC_d9433.dir/CMakeCCompilerABI.c.o]
  ignore line: [/Library/Developer/CommandLineTools/usr/bin/cc   -isysroot /Library/Developer/CommandLineTools/SDKs/MacOSX13.1.sdk   -v -Wl -v -MD -MT CMakeFiles/cmTC_d9433.dir/CMakeCCompilerABI.c.o -MF CMakeFiles/cmTC_d9433.dir/CMakeCCompilerABI.c.o.d -o CMakeFiles/cmTC_d9433.dir/CMakeCCompilerABI.c.o -c /usr/local/Cellar/cmake/3.25.2/share/cmake/Modules/CMakeCCompilerABI.c]
  ignore line: [Apple clang version 14.0.0 (clang-1400.0.29.202)]
  ignore line: [Target: x86_64-apple-darwin22.3.0]
  ignore line: [Thread model: posix]
  ignore line: [InstalledDir: /Library/Developer/CommandLineTools/usr/bin]
  ignore line: [clang: warning: -Wl -v: 'linker' input unused [-Wunused-command-line-argument]]
  ignore line: [ "/Library/Developer/CommandLineTools/usr/bin/clang" -cc1 -triple x86_64-apple-macosx13.0.0 -Wundef-prefix=TARGET_OS_ -Wdeprecated-objc-isa-usage -Werror=deprecated-objc-isa-usage -Werror=implicit-function-declaration -emit-obj -mrelax-all --mrelax-relocations -disable-free -clear-ast-before-backend -disable-llvm-verifier -discard-value-names -main-file-name CMakeCCompilerABI.c -mrelocation-model pic -pic-level 2 -mframe-pointer=all -fno-strict-return -fno-rounding-math -funwind-tables=2 -target-sdk-version=13.1 -fvisibility-inlines-hidden-static-local-var -target-cpu penryn -tune-cpu generic -debugger-tuning=lldb -target-linker-version 820.1 -v -resource-dir /Library/Developer/CommandLineTools/usr/lib/clang/14.0.0 -dependency-file CMakeFiles/cmTC_d9433.dir/CMakeCCompilerABI.c.o.d -skip-unused-modulemap-deps -MT CMakeFiles/cmTC_d9433.dir/CMakeCCompilerABI.c.o -sys-header-deps -isysroot /Library/Developer/CommandLineTools/SDKs/MacOSX13.1.sdk -internal-isystem /Library/Developer/CommandLineTools/SDKs/MacOSX13.1.sdk/usr/local/include -internal-isystem /Library/Developer/CommandLineTools/usr/lib/clang/14.0.0/include -internal-externc-isystem /Library/Developer/CommandLineTools/SDKs/MacOSX13.1.sdk/usr/include -internal-externc-isystem /Library/Developer/CommandLineTools/usr/include -Wno-reorder-init-list -Wno-implicit-int-float-conversion -Wno-c99-designator -Wno-final-dtor-non-final-class -Wno-extra-semi-stmt -Wno-misleading-indentation -Wno-quoted-include-in-framework-header -Wno-implicit-fallthrough -Wno-enum-enum-conversion -Wno-enum-float-conversion -Wno-elaborated-enum-base -Wno-reserved-identifier -Wno-gnu-folding-constant -Wno-cast-function-type -Wno-bitwise-instead-of-logical -fdebug-compilation-dir=/Users/yejianfeng/Desktop/code/games101/tinykaboom/build/CMakeFiles/CMakeScratch/TryCompile-0lmOIX -ferror-limit 19 -stack-protector 1 -fstack-check -mdarwin-stkchk-strong-link -fblocks -fencode-extended-block-signature -fregister-global-dtors-with-atexit -fgnuc-version=4.2.1 -fmax-type-align=16 -fcommon -clang-vendor-feature=+messageToSelfInClassMethodIdReturnType -clang-vendor-feature=+disableInferNewAvailabilityFromInit -clang-vendor-feature=+disableNonDependentMemberExprInCurrentInstantiation -fno-odr-hash-protocols -clang-vendor-feature=+enableAggressiveVLAFolding -clang-vendor-feature=+revert09abecef7bbf -clang-vendor-feature=+thisNoAlignAttr -clang-vendor-feature=+thisNoNullAttr -mllvm -disable-aligned-alloc-awareness=1 -D__GCC_HAVE_DWARF2_CFI_ASM=1 -o CMakeFiles/cmTC_d9433.dir/CMakeCCompilerABI.c.o -x c /usr/local/Cellar/cmake/3.25.2/share/cmake/Modules/CMakeCCompilerABI.c]
  ignore line: [clang -cc1 version 14.0.0 (clang-1400.0.29.202) default target x86_64-apple-darwin22.3.0]
  ignore line: [ignoring nonexistent directory "/Library/Developer/CommandLineTools/SDKs/MacOSX13.1.sdk/usr/local/include"]
  ignore line: [ignoring nonexistent directory "/Library/Developer/CommandLineTools/SDKs/MacOSX13.1.sdk/Library/Frameworks"]
  ignore line: [#include "..." search starts here:]
  ignore line: [#include <...> search starts here:]
  ignore line: [ /Library/Developer/CommandLineTools/usr/lib/clang/14.0.0/include]
  ignore line: [ /Library/Developer/CommandLineTools/SDKs/MacOSX13.1.sdk/usr/include]
  ignore line: [ /Library/Developer/CommandLineTools/usr/include]
  ignore line: [ /Library/Developer/CommandLineTools/SDKs/MacOSX13.1.sdk/System/Library/Frameworks (framework directory)]
  ignore line: [End of search list.]
  ignore line: [Linking C executable cmTC_d9433]
  ignore line: [/usr/local/Cellar/cmake/3.25.2/bin/cmake -E cmake_link_script CMakeFiles/cmTC_d9433.dir/link.txt --verbose=1]
  ignore line: [/Library/Developer/CommandLineTools/usr/bin/cc  -isysroot /Library/Developer/CommandLineTools/SDKs/MacOSX13.1.sdk -Wl -search_paths_first -Wl -headerpad_max_install_names  -v -Wl -v CMakeFiles/cmTC_d9433.dir/CMakeCCompilerABI.c.o -o cmTC_d9433 ]
  ignore line: [Apple clang version 14.0.0 (clang-1400.0.29.202)]
  ignore line: [Target: x86_64-apple-darwin22.3.0]
  ignore line: [Thread model: posix]
  ignore line: [InstalledDir: /Library/Developer/CommandLineTools/usr/bin]
  link line: [ "/Library/Developer/CommandLineTools/usr/bin/ld" -demangle -lto_library /Library/Developer/CommandLineTools/usr/lib/libLTO.dylib -dynamic -arch x86_64 -platform_version macos 13.0.0 13.1 -syslibroot /Library/Developer/CommandLineTools/SDKs/MacOSX13.1.sdk -o cmTC_d9433 -search_paths_first -headerpad_max_install_names -v CMakeFiles/cmTC_d9433.dir/CMakeCCompilerABI.c.o -lSystem /Library/Developer/CommandLineTools/usr/lib/clang/14.0.0/lib/darwin/libclang_rt.osx.a]
    arg [/Library/Developer/CommandLineTools/usr/bin/ld] ==> ignore
    arg [-demangle] ==> ignore
    arg [-lto_library] ==> ignore, skip following value
    arg [/Library/Developer/CommandLineTools/usr/lib/libLTO.dylib] ==> skip value of -lto_library
    arg [-dynamic] ==> ignore
    arg [-arch] ==> ignore
    arg [x86_64] ==> ignore
    arg [-platform_version] ==> ignore
    arg [macos] ==> ignore
    arg [13.0.0] ==> ignore
    arg [13.1] ==> ignore
    arg [-syslibroot] ==> ignore
    arg [/Library/Developer/CommandLineTools/SDKs/MacOSX13.1.sdk] ==> ignore
    arg [-o] ==> ignore
    arg [cmTC_d9433] ==> ignore
    arg [-search_paths_first] ==> ignore
    arg [-headerpad_max_install_names] ==> ignore
    arg [-v] ==> ignore
    arg [CMakeFiles/cmTC_d9433.dir/CMakeCCompilerABI.c.o] ==> ignore
    arg [-lSystem] ==> lib [System]
    arg [/Library/Developer/CommandLineTools/usr/lib/clang/14.0.0/lib/darwin/libclang_rt.osx.a] ==> lib [/Library/Developer/CommandLineTools/usr/lib/clang/14.0.0/lib/darwin/libclang_rt.osx.a]
  Library search paths: [;/Library/Developer/CommandLineTools/SDKs/MacOSX13.1.sdk/usr/lib]
  Framework search paths: [;/Library/Developer/CommandLineTools/SDKs/MacOSX13.1.sdk/System/Library/Frameworks/]
  remove lib [System]
  remove lib [/Library/Developer/CommandLineTools/usr/lib/clang/14.0.0/lib/darwin/libclang_rt.osx.a]
  collapse library dir [/Library/Developer/CommandLineTools/SDKs/MacOSX13.1.sdk/usr/lib] ==> [/Library/Developer/CommandLineTools/SDKs/MacOSX13.1.sdk/usr/lib]
  collapse framework dir [/Library/Developer/CommandLineTools/SDKs/MacOSX13.1.sdk/System/Library/Frameworks/] ==> [/Library/Developer/CommandLineTools/SDKs/MacOSX13.1.sdk/System/Library/Frameworks]
  implicit libs: []
  implicit objs: []
  implicit dirs: [/Library/Developer/CommandLineTools/SDKs/MacOSX13.1.sdk/usr/lib]
  implicit fwks: [/Library/Developer/CommandLineTools/SDKs/MacOSX13.1.sdk/System/Library/Frameworks]


Detecting CXX compiler ABI info compiled with the following output:
Change Dir: /Users/yejianfeng/Desktop/code/games101/tinykaboom/build/CMakeFiles/CMakeScratch/TryCompile-583BDl

Run Build Command(s):/usr/bin/make -f Makefile cmTC_31f19/fast && /Library/Developer/CommandLineTools/usr/bin/make  -f CMakeFiles/cmTC_31f19.dir/build.make CMakeFiles/cmTC_31f19.dir/build
Building CXX object CMakeFiles/cmTC_31f19.dir/CMakeCXXCompilerABI.cpp.o
/Library/Developer/CommandLineTools/usr/bin/c++   -isysroot /Library/Developer/CommandLineTools/SDKs/MacOSX13.1.sdk   -v -Wl,-v -MD -MT CMakeFiles/cmTC_31f19.dir/CMakeCXXCompilerABI.cpp.o -MF CMakeFiles/cmTC_31f19.dir/CMakeCXXCompilerABI.cpp.o.d -o CMakeFiles/cmTC_31f19.dir/CMakeCXXCompilerABI.cpp.o -c /usr/local/Cellar/cmake/3.25.2/share/cmake/Modules/CMakeCXXCompilerABI.cpp
Apple clang version 14.0.0 (clang-1400.0.29.202)
Target: x86_64-apple-darwin22.3.0
Thread model: posix
InstalledDir: /Library/Developer/CommandLineTools/usr/bin
clang: warning: -Wl,-v: 'linker' input unused [-Wunused-command-line-argument]
 "/Library/Developer/CommandLineTools/usr/bin/clang" -cc1 -triple x86_64-apple-macosx13.0.0 -Wundef-prefix=TARGET_OS_ -Wdeprecated-objc-isa-usage -Werror=deprecated-objc-isa-usage -Werror=implicit-function-declaration -emit-obj -mrelax-all --mrelax-relocations -disable-free -clear-ast-before-backend -disable-llvm-verifier -discard-value-names -main-file-name CMakeCXXCompilerABI.cpp -mrelocation-model pic -pic-level 2 -mframe-pointer=all -fno-strict-return -fno-rounding-math -funwind-tables=2 -target-sdk-version=13.1 -fvisibility-inlines-hidden-static-local-var -target-cpu penryn -tune-cpu generic -debugger-tuning=lldb -target-linker-version 820.1 -v -resource-dir /Library/Developer/CommandLineTools/usr/lib/clang/14.0.0 -dependency-file CMakeFiles/cmTC_31f19.dir/CMakeCXXCompilerABI.cpp.o.d -skip-unused-modulemap-deps -MT CMakeFiles/cmTC_31f19.dir/CMakeCXXCompilerABI.cpp.o -sys-header-deps -isysroot /Library/Developer/CommandLineTools/SDKs/MacOSX13.1.sdk -stdlib=libc++ -internal-isystem /Library/Developer/CommandLineTools/SDKs/MacOSX13.1.sdk/usr/include/c++/v1 -internal-isystem /Library/Developer/CommandLineTools/SDKs/MacOSX13.1.sdk/usr/local/include -internal-isystem /Library/Developer/CommandLineTools/usr/lib/clang/14.0.0/include -internal-externc-isystem /Library/Developer/CommandLineTools/SDKs/MacOSX13.1.sdk/usr/include -internal-externc-isystem /Library/Developer/CommandLineTools/usr/include -Wno-reorder-init-list -Wno-implicit-int-float-conversion -Wno-c99-designator -Wno-final-dtor-non-final-class -Wno-extra-semi-stmt -Wno-misleading-indentation -Wno-quoted-include-in-framework-header -Wno-implicit-fallthrough -Wno-enum-enum-conversion -Wno-enum-float-conversion -Wno-elaborated-enum-base -Wno-reserved-identifier -Wno-gnu-folding-constant -Wno-cast-function-type -Wno-bitwise-instead-of-logical -fdeprecated-macro -fdebug-compilation-dir=/Users/yejianfeng/Desktop/code/games101/tinykaboom/build/CMakeFiles/CMakeScratch/TryCompile-583BDl -ferror-limit 19 -stack-protector 1 -fstack-check -mdarwin-stkchk-strong-link -fblocks -fencode-extended-block-signature -fregister-global-dtors-with-atexit -fgnuc-version=4.2.1 -fno-cxx-modules -fcxx-exceptions -fexceptions -fmax-type-align=16 -fcommon -clang-vendor-feature=+messageToSelfInClassMethodIdReturnType -clang-vendor-feature=+disableInferNewAvailabilityFromInit -clang-vendor-feature=+disableNonDependentMemberExprInCurrentInstantiation -fno-odr-hash-protocols -clang-vendor-feature=+enableAggressiveVLAFolding -clang-vendor-feature=+revert09abecef7bbf -clang-vendor-feature=+thisNoAlignAttr -clang-vendor-feature=+thisNoNullAttr -mllvm -disable-aligned-alloc-awareness=1 -D__GCC_HAVE_DWARF2_CFI_ASM=1 -o CMakeFiles/cmTC_31f19.dir/CMakeCXXCompilerABI.cpp.o -x c++ /usr/local/Cellar/cmake/3.25.2/share/cmake/Modules/CMakeCXXCompilerABI.cpp
clang -cc1 version 14.0.0 (clang-1400.0.29.202) default target x86_64-apple-darwin22.3.0
ignoring nonexistent directory "/Library/Developer/CommandLineTools/SDKs/MacOSX13.1.sdk/usr/local/include"
ignoring nonexistent directory "/Library/Developer/CommandLineTools/SDKs/MacOSX13.1.sdk/Library/Frameworks"
#include "..." search starts here:
#include <...> search starts here:
 /Library/Developer/CommandLineTools/SDKs/MacOSX13.1.sdk/usr/include/c++/v1
 /Library/Developer/CommandLineTools/usr/lib/clang/14.0.0/include
 /Library/Developer/CommandLineTools/SDKs/MacOSX13.1.sdk/usr/include
 /Library/Developer/CommandLineTools/usr/include
 /Library/Developer/CommandLineTools/SDKs/MacOSX13.1.sdk/System/Library/Frameworks (framework directory)
End of search list.
Linking CXX executable cmTC_31f19
/usr/local/Cellar/cmake/3.25.2/bin/cmake -E cmake_link_script CMakeFiles/cmTC_31f19.dir/link.txt --verbose=1
/Library/Developer/CommandLineTools/usr/bin/c++  -isysroot /Library/Developer/CommandLineTools/SDKs/MacOSX13.1.sdk -Wl,-search_paths_first -Wl,-headerpad_max_install_names  -v -Wl,-v CMakeFiles/cmTC_31f19.dir/CMakeCXXCompilerABI.cpp.o -o cmTC_31f19 
Apple clang version 14.0.0 (clang-1400.0.29.202)
Target: x86_64-apple-darwin22.3.0
Thread model: posix
InstalledDir: /Library/Developer/CommandLineTools/usr/bin
 "/Library/Developer/CommandLineTools/usr/bin/ld" -demangle -lto_library /Library/Developer/CommandLineTools/usr/lib/libLTO.dylib -dynamic -arch x86_64 -platform_version macos 13.0.0 13.1 -syslibroot /Library/Developer/CommandLineTools/SDKs/MacOSX13.1.sdk -o cmTC_31f19 -search_paths_first -headerpad_max_install_names -v CMakeFiles/cmTC_31f19.dir/CMakeCXXCompilerABI.cpp.o -lc++ -lSystem /Library/Developer/CommandLineTools/usr/lib/clang/14.0.0/lib/darwin/libclang_rt.osx.a
@(#)PROGRAM:ld  PROJECT:ld64-820.1
BUILD 20:07:01 Nov  7 2022
configured to support archs: armv6 armv7 armv7s arm64 arm64e arm64_32 i386 x86_64 x86_64h armv6m armv7k armv7m armv7em
Library search paths:
	/Library/Developer/CommandLineTools/SDKs/MacOSX13.1.sdk/usr/lib
Framework search paths:
	/Library/Developer/CommandLineTools/SDKs/MacOSX13.1.sdk/System/Library/Frameworks/



Parsed CXX implicit include dir info from above output: rv=done
  found start of include info
  found start of implicit include info
    add: [/Library/Developer/CommandLineTools/SDKs/MacOSX13.1.sdk/usr/include/c++/v1]
    add: [/Library/Developer/CommandLineTools/usr/lib/clang/14.0.0/include]
    add: [/Library/Developer/CommandLineTools/SDKs/MacOSX13.1.sdk/usr/include]
    add: [/Library/Developer/CommandLineTools/usr/include]
  end of search list found
  collapse include dir [/Library/Developer/CommandLineTools/SDKs/MacOSX13.1.sdk/usr/include/c++/v1] ==> [/Library/Developer/CommandLineTools/SDKs/MacOSX13.1.sdk/usr/include/c++/v1]
  collapse include dir [/Library/Developer/CommandLineTools/usr/lib/clang/14.0.0/include] ==> [/Library/Developer/CommandLineTools/usr/lib/clang/14.0.0/include]
  collapse include dir [/Library/Developer/CommandLineTools/SDKs/MacOSX13.1.sdk/usr/include] ==> [/Library/Developer/CommandLineTools/SDKs/MacOSX13.1.sdk/usr/include]
  collapse include dir [/Library/Developer/CommandLineTools/usr/include] ==> [/Library/Developer/CommandLineTools/usr/include]
  implicit include dirs: [/Library/Developer/CommandLineTools/SDKs/MacOSX13.1.sdk/usr/include/c++/v1;/Library/Developer/CommandLineTools/usr/lib/clang/14.0.0/include;/Library/Developer/CommandLineTools/SDKs/MacOSX13.1.sdk/usr/include;/Library/Developer/CommandLineTools/usr/include]


Parsed CXX implicit link information from above output:
  link line regex: [^( *|.*[/\])(ld|CMAKE_LINK_STARTFILE-NOTFOUND|([^/\]+-)?ld|collect2)[^/\]*( |$)]
  ignore line: [Change Dir: /Users/yejianfeng/Desktop/code/games101/tinykaboom/build/CMakeFiles/CMakeScratch/TryCompile-583BDl]
  ignore line: []
  ignore line: [Run Build Command(s):/usr/bin/make -f Makefile cmTC_31f19/fast && /Library/Developer/CommandLineTools/usr/bin/make  -f CMakeFiles/cmTC_31f19.dir/build.make CMakeFiles/cmTC_31f19.dir/build]
  ignore line: [Building CXX object CMakeFiles/cmTC_31f19.dir/CMakeCXXCompilerABI.cpp.o]
  ignore line: [/Library/Developer/CommandLineTools/usr/bin/c++   -isysroot /Library/Developer/CommandLineTools/SDKs/MacOSX13.1.sdk   -v -Wl -v -MD -MT CMakeFiles/cmTC_31f19.dir/CMakeCXXCompilerABI.cpp.o -MF CMakeFiles/cmTC_31f19.dir/CMakeCXXCompilerABI.cpp.o.d -o CMakeFiles/cmTC_31f19.dir/CMakeCXXCompilerABI.cpp.o -c /usr/local/Cellar/cmake/3.25.2/share/cmake/Modules/CMakeCXXCompilerABI.cpp]
  ignore line: [Apple clang version 14.0.0 (clang-1400.0.29.202)]
  ignore line: [Target: x86_64-apple-darwin22.3.0]
  ignore line: [Thread model: posix]
  ignore line: [InstalledDir: /Library/Developer/CommandLineTools/usr/bin]
  ignore line: [clang: warning: -Wl -v: 'linker' input unused [-Wunused-command-line-argument]]
  ignore line: [ "/Library/Developer/CommandLineTools/usr/bin/clang" -cc1 -triple x86_64-apple-macosx13.0.0 -Wundef-prefix=TARGET_OS_ -Wdeprecated-objc-isa-usage -Werror=deprecated-objc-isa-usage -Werror=implicit-function-declaration -emit-obj -mrelax-all --mrelax-relocations -disable-free -clear-ast-before-backend -disable-llvm-verifier -discard-value-names -main-file-name CMakeCXXCompilerABI.cpp -mrelocation-model pic -pic-level 2 -mframe-pointer=all -fno-strict-return -fno-rounding-math -funwind-tables=2 -target-sdk-version=13.1 -fvisibility-inlines-hidden-static-local-var -target-cpu penryn -tune-cpu generic -debugger-tuning=lldb -target-linker-version 820.1 -v -resource-dir /Library/Developer/CommandLineTools/usr/lib/clang/14.0.0 -dependency-file CMakeFiles/cmTC_31f19.dir/CMakeCXXCompilerABI.cpp.o.d -skip-unused-modulemap-deps -MT CMakeFiles/cmTC_31f19.dir/CMakeCXXCompilerABI.cpp.o -sys-header-deps -isysroot /Library/Developer/CommandLineTools/SDKs/MacOSX13.1.sdk -stdlib=libc++ -internal-isystem /Library/Developer/CommandLineTools/SDKs/MacOSX13.1.sdk/usr/include/c++/v1 -internal-isystem /Library/Developer/CommandLineTools/SDKs/MacOSX13.1.sdk/usr/local/include -internal-isystem /Library/Developer/CommandLineTools/usr/lib/clang/14.0.0/include -internal-externc-isystem /Library/Developer/CommandLineTools/SDKs/MacOSX13.1.sdk/usr/include -internal-externc-isystem /Library/Developer/CommandLineTools/usr/include -Wno-reorder-init-list -Wno-implicit-int-float-conversion -Wno-c99-designator -Wno-final-dtor-non-final-class -Wno-extra-semi-stmt -Wno-misleading-indentation -Wno-quoted-include-in-framework-header -Wno-implicit-fallthrough -Wno-enum-enum-conversion -Wno-enum-float-conversion -Wno-elaborated-enum-base -Wno-reserved-identifier -Wno-gnu-folding-constant -Wno-cast-function-type -Wno-bitwise-instead-of-logical -fdeprecated-macro -fdebug-compilation-dir=/Users/yejianfeng/Desktop/code/games101/tinykaboom/build/CMakeFiles/CMakeScratch/TryCompile-583BDl -ferror-limit 19 -stack-protector 1 -fstack-check -mdarwin-stkchk-strong-link -fblocks -fencode-extended-block-signature -fregister-global-dtors-with-atexit -fgnuc-version=4.2.1 -fno-cxx-modules -fcxx-exceptions -fexceptions -fmax-type-align=16 -fcommon -clang-vendor-feature=+messageToSelfInClassMethodIdReturnType -clang-vendor-feature=+disableInferNewAvailabilityFromInit -clang-vendor-feature=+disableNonDependentMemberExprInCurrentInstantiation -fno-odr-hash-protocols -clang-vendor-feature=+enableAggressiveVLAFolding -clang-vendor-feature=+revert09abecef7bbf -clang-vendor-feature=+thisNoAlignAttr -clang-vendor-feature=+thisNoNullAttr -mllvm -disable-aligned-alloc-awareness=1 -D__GCC_HAVE_DWARF2_CFI_ASM=1 -o CMakeFiles/cmTC_31f19.dir/CMakeCXXCompilerABI.cpp.o -x c++ /usr/local/Cellar/cmake/3.25.2/share/cmake/Modules/CMakeCXXCompilerABI.cpp]
  ignore line: [clang -cc1 version 14.0.0 (clang-1400.0.29.202) default target x86_64-apple-darwin22.3.0]
  ignore line: [ignoring nonexistent directory "/Library/Developer/CommandLineTools/SDKs/MacOSX13.1.sdk/usr/local/include"]
  ignore line: [ignoring nonexistent directory "/Library/Developer/CommandLineTools/SDKs/MacOSX13.1.sdk/Library/Frameworks"]
  ignore line: [#include "..." search starts here:]
  ignore line: [#include <...> search starts here:]
  ignore line: [ /Library/Developer/CommandLineTools/SDKs/MacOSX13.1.sdk/usr/include/c++/v1]
  ignore line: [ /Library/Developer/CommandLineTools/usr/lib/clang/14.0.0/include]
  ignore line: [ /Library/Developer/CommandLineTools/SDKs/MacOSX13.1.sdk/usr/include]
  ignore line: [ /Library/Developer/CommandLineTools/usr/include]
  ignore line: [ /Library/Developer/CommandLineTools/SDKs/MacOSX13.1.sdk/System/Library/Frameworks (framework directory)]
  ignore line: [End of search list.]
  ignore line: [Linking CXX executable cmTC_31f19]
  ignore line: [/usr/local/Cellar/cmake/3.25.2/bin/cmake -E cmake_link_script CMakeFiles/cmTC_31f19.dir/link.txt --verbose=1]
  ignore line: [/Library/Developer/CommandLineTools/usr/bin/c++  -isysroot /Library/Developer/CommandLineTools/SDKs/MacOSX13.1.sdk -Wl -search_paths_first -Wl -headerpad_max_install_names  -v -Wl -v CMakeFiles/cmTC_31f19.dir/CMakeCXXCompilerABI.cpp.o -o cmTC_31f19 ]
  ignore line: [Apple clang version 14.0.0 (clang-1400.0.29.202)]
  ignore line: [Target: x86_64-apple-darwin22.3.0]
  ignore line: [Thread model: posix]
  ignore line: [InstalledDir: /Library/Developer/CommandLineTools/usr/bin]
  link line: [ "/Library/Developer/CommandLineTools/usr/bin/ld" -demangle -lto_library /Library/Developer/CommandLineTools/usr/lib/libLTO.dylib -dynamic -arch x86_64 -platform_version macos 13.0.0 13.1 -syslibroot /Library/Developer/CommandLineTools/SDKs/MacOSX13.1.sdk -o cmTC_31f19 -search_paths_first -headerpad_max_install_names -v CMakeFiles/cmTC_31f19.dir/CMakeCXXCompilerABI.cpp.o -lc++ -lSystem /Library/Developer/CommandLineTools/usr/lib/clang/14.0.0/lib/darwin/libclang_rt.osx.a]
    arg [/Library/Developer/CommandLineTools/usr/bin/ld] ==> ignore
    arg [-demangle] ==> ignore
    arg [-lto_library] ==> ignore, skip following value
    arg [/Library/Developer/CommandLineTools/usr/lib/libLTO.dylib] ==> skip value of -lto_library
    arg [-dynamic] ==> ignore
    arg [-arch] ==> ignore
    arg [x86_64] ==> ignore
    arg [-platform_version] ==> ignore
    arg [macos] ==> ignore
    arg [13.0.0] ==> ignore
    arg [13.1] ==> ignore
    arg [-syslibroot] ==> ignore
    arg [/Library/Developer/CommandLineTools/SDKs/MacOSX13.1.sdk] ==> ignore
    arg [-o] ==> ignore
    arg [cmTC_31f19] ==> ignore
    arg [-search_paths_first] ==> ignore
    arg [-headerpad_max_install_names] ==> ignore
    arg [-v] ==> ignore
    arg [CMakeFiles/cmTC_31f19.dir/CMakeCXXCompilerABI.cpp.o] ==> ignore
    arg [-lc++] ==> lib [c++]
    arg [-lSystem] ==> lib [System]
    arg [/Library/Developer/CommandLineTools/usr/lib/clang/14.0.0/lib/darwin/libclang_rt.osx.a] ==> lib [/Library/Developer/CommandLineTools/usr/lib/clang/14.0.0/lib/darwin/libclang_rt.osx.a]
  Library search paths: [;/Library/Developer/CommandLineTools/SDKs/MacOSX13.1.sdk/usr/lib]
  Framework search paths: [;/Library/Developer/CommandLineTools/SDKs/MacOSX13.1.sdk/System/Library/Frameworks/]
  remove lib [System]
  remove lib [/Library/Developer/CommandLineTools/usr/lib/clang/14.0.0/lib/darwin/libclang_rt.osx.a]
  collapse library dir [/Library/Developer/CommandLineTools/SDKs/MacOSX13.1.sdk/usr/lib] ==> [/Library/Developer/CommandLineTools/SDKs/MacOSX13.1.sdk/usr/lib]
  collapse framework dir [/Library/Developer/CommandLineTools/SDKs/MacOSX13.1.sdk/System/Library/Frameworks/] ==> [/Library/Developer/CommandLineTools/SDKs/MacOSX13.1.sdk/System/Library/Frameworks]
  implicit libs: [c++]
  implicit objs: []
  implicit dirs: [/Library/Developer/CommandLineTools/SDKs/MacOSX13.1.sdk/usr/lib]
  implicit fwks: [/Library/Developer/CommandLineTools/SDKs/MacOSX13.1.sdk/System/Library/Frameworks]


Performing C++ SOURCE FILE Test flag_supported succeeded with the following output:
Change Dir: /Users/yejianfeng/Desktop/code/games101/tinykaboom/build/CMakeFiles/CMakeScratch/TryCompile-M6euB0

Run Build Command(s):/usr/bin/make -f Makefile cmTC_513e3/fast && /Library/Developer/CommandLineTools/usr/bin/make  -f CMakeFiles/cmTC_513e3.dir/build.make CMakeFiles/cmTC_513e3.dir/build
Building CXX object CMakeFiles/cmTC_513e3.dir/src.cxx.o
/Library/Developer/CommandLineTools/usr/bin/c++ -Dflag_supported  -isysroot /Library/Developer/CommandLineTools/SDKs/MacOSX13.1.sdk   -Wall -MD -MT CMakeFiles/cmTC_513e3.dir/src.cxx.o -MF CMakeFiles/cmTC_513e3.dir/src.cxx.o.d -o CMakeFiles/cmTC_513e3.dir/src.cxx.o -c /Users/yejianfeng/Desktop/code/games101/tinykaboom/build/CMakeFiles/CMakeScratch/TryCompile-M6euB0/src.cxx
Linking CXX executable cmTC_513e3
/usr/local/Cellar/cmake/3.25.2/bin/cmake -E cmake_link_script CMakeFiles/cmTC_513e3.dir/link.txt --verbose=1
/Library/Developer/CommandLineTools/usr/bin/c++  -isysroot /Library/Developer/CommandLineTools/SDKs/MacOSX13.1.sdk -Wl,-search_paths_first -Wl,-headerpad_max_install_names CMakeFiles/cmTC_513e3.dir/src.cxx.o -o cmTC_513e3 


Source file was:
int main() { return 0; }

Performing C++ SOURCE FILE Test flag_supported succeeded with the following output:
Change Dir: /Users/yejianfeng/Desktop/code/games101/tinykaboom/build/CMakeFiles/CMakeScratch/TryCompile-GGIdEG

Run Build Command(s):/usr/bin/make -f Makefile cmTC_0aafe/fast && /Library/Developer/CommandLineTools/usr/bin/make  -f CMakeFiles/cmTC_0aafe.dir/build.make CMakeFiles/cmTC_0aafe.dir/build
Building CXX object CMakeFiles/cmTC_0aafe.dir/src.cxx.o
/Library/Developer/CommandLineTools/usr/bin/c++ -Dflag_supported  -Wall  -isysroot /Library/Developer/CommandLineTools/SDKs/MacOSX13.1.sdk   -Wextra -MD -MT CMakeFiles/cmTC_0aafe.dir/src.cxx.o -MF CMakeFiles/cmTC_0aafe.dir/src.cxx.o.d -o CMakeFiles/cmTC_0aafe.dir/src.cxx.o -c /Users/yejianfeng/Desktop/code/games101/tinykaboom/build/CMakeFiles/CMakeScratch/TryCompile-GGIdEG/src.cxx
Linking CXX executable cmTC_0aafe
/usr/local/Cellar/cmake/3.25.2/bin/cmake -E cmake_link_script CMakeFiles/cmTC_0aafe.dir/link.txt --verbose=1
/Library/Developer/CommandLineTools/usr/bin/c++  -Wall  -isysroot /Library/Developer/CommandLineTools/SDKs/MacOSX13.1.sdk -Wl,-search_paths_first -Wl,-headerpad_max_install_names CMakeFiles/cmTC_0aafe.dir/src.cxx.o -o cmTC_0aafe 


Source file was:
int main() { return 0; }

Performing C++ SOURCE FILE Test flag_supported succeeded with the following output:
Change Dir: /Users/yejianfeng/Desktop/code/games101/tinykaboom/build/CMakeFiles/CMakeScratch/TryCompile-uK0iJ2

Run Build Command(s):/usr/bin/make -f Makefile cmTC_38737/fast && /Library/Developer/CommandLineTools/usr/bin/make  -f CMakeFiles/cmTC_38737.dir/build.make CMakeFiles/cmTC_38737.dir/build
Building CXX object CMakeFiles/cmTC_38737.dir/src.cxx.o
/Library/Developer/CommandLineTools/usr/bin/c++ -Dflag_supported  -Wall -Wextra  -isysroot /Library/Developer/CommandLineTools/SDKs/MacOSX13.1.sdk   -pedantic -MD -MT CMakeFiles/cmTC_38737.dir/src.cxx.o -MF CMakeFiles/cmTC_38737.dir/src.cxx.o.d -o CMakeFiles/cmTC_38737.dir/src.cxx.o -c /Users/yejianfeng/Desktop/code/games101/tinykaboom/build/CMakeFiles/CMakeScratch/TryCompile-uK0iJ2/src.cxx
Linking CXX executable cmTC_38737
/usr/local/Cellar/cmake/3.25.2/bin/cmake -E cmake_link_script CMakeFiles/cmTC_38737.dir/link.txt --verbose=1
/Library/Developer/CommandLineTools/usr/bin/c++  -Wall -Wextra  -isysroot /Library/Developer/CommandLineTools/SDKs/MacOSX13.1.sdk -Wl,-search_paths_first -Wl,-headerpad_max_install_names CMakeFiles/cmTC_38737.dir/src.cxx.o -o cmTC_38737 


Source file was:
int main() { return 0; }

Performing C++ SOURCE FILE Test flag_supported succeeded with the following output:
Change Dir: /Users/yejianfeng/Desktop/code/games101/tinykaboom/build/CMakeFiles/CMakeScratch/TryCompile-CEGGLw

Run Build Command(s):/usr/bin/make -f Makefile cmTC_f5db2/fast && /Library/Developer/CommandLineTools/usr/bin/make  -f CMakeFiles/cmTC_f5db2.dir/build.make CMakeFiles/cmTC_f5db2.dir/build
Building CXX object CMakeFiles/cmTC_f5db2.dir/src.cxx.o
/Library/Developer/CommandLineTools/usr/bin/c++ -Dflag_supported  -Wall -Wextra -pedantic  -isysroot /Library/Developer/CommandLineTools/SDKs/MacOSX13.1.sdk   -std=c++11 -MD -MT CMakeFiles/cmTC_f5db2.dir/src.cxx.o -MF CMakeFiles/cmTC_f5db2.dir/src.cxx.o.d -o CMakeFiles/cmTC_f5db2.dir/src.cxx.o -c /Users/yejianfeng/Desktop/code/games101/tinykaboom/build/CMakeFiles/CMakeScratch/TryCompile-CEGGLw/src.cxx
Linking CXX executable cmTC_f5db2
/usr/local/Cellar/cmake/3.25.2/bin/cmake -E cmake_link_script CMakeFiles/cmTC_f5db2.dir/link.txt --verbose=1
/Library/Developer/CommandLineTools/usr/bin/c++  -Wall -Wextra -pedantic  -isysroot /Library/Developer/CommandLineTools/SDKs/MacOSX13.1.sdk -Wl,-search_paths_first -Wl,-headerpad_max_install_names CMakeFiles/cmTC_f5db2.dir/src.cxx.o -o cmTC_f5db2 


Source file was:
int main() { return 0; }

Performing C++ SOURCE FILE Test flag_supported succeeded with the following output:
Change Dir: /Users/yejianfeng/Desktop/code/games101/tinykaboom/build/CMakeFiles/CMakeScratch/TryCompile-V6LK3z

Run Build Command(s):/usr/bin/make -f Makefile cmTC_99c85/fast && /Library/Developer/CommandLineTools/usr/bin/make  -f CMakeFiles/cmTC_99c85.dir/build.make CMakeFiles/cmTC_99c85.dir/build
Building CXX object CMakeFiles/cmTC_99c85.dir/src.cxx.o
/Library/Developer/CommandLineTools/usr/bin/c++ -Dflag_supported  -Wall -Wextra -pedantic -std=c++11  -isysroot /Library/Developer/CommandLineTools/SDKs/MacOSX13.1.sdk   -O3 -MD -MT CMakeFiles/cmTC_99c85.dir/src.cxx.o -MF CMakeFiles/cmTC_99c85.dir/src.cxx.o.d -o CMakeFiles/cmTC_99c85.dir/src.cxx.o -c /Users/yejianfeng/Desktop/code/games101/tinykaboom/build/CMakeFiles/CMakeScratch/TryCompile-V6LK3z/src.cxx
Linking CXX executable cmTC_99c85
/usr/local/Cellar/cmake/3.25.2/bin/cmake -E cmake_link_script CMakeFiles/cmTC_99c85.dir/link.txt --verbose=1
/Library/Developer/CommandLineTools/usr/bin/c++  -Wall -Wextra -pedantic -std=c++11  -isysroot /Library/Developer/CommandLineTools/SDKs/MacOSX13.1.sdk -Wl,-search_paths_first -Wl,-headerpad_max_install_names CMakeFiles/cmTC_99c85.dir/src.cxx.o -o cmTC_99c85 


Source file was:
int main() { return 0; }

Performing C++ SOURCE FILE Test flag_supported succeeded with the following output:
Change Dir: /Users/yejianfeng/Desktop/code/games101/tinykaboom/build/CMakeFiles/CMakeScratch/TryCompile-vfYrvu

Run Build Command(s):/usr/bin/make -f Makefile cmTC_42071/fast && /Library/Developer/CommandLineTools/usr/bin/make  -f CMakeFiles/cmTC_42071.dir/build.make CMakeFiles/cmTC_42071.dir/build
Building CXX object CMakeFiles/cmTC_42071.dir/src.cxx.o
/Library/Developer/CommandLineTools/usr/bin/c++ -Dflag_supported  -isysroot /Library/Developer/CommandLineTools/SDKs/MacOSX13.1.sdk   -Wall -MD -MT CMakeFiles/cmTC_42071.dir/src.cxx.o -MF CMakeFiles/cmTC_42071.dir/src.cxx.o.d -o CMakeFiles/cmTC_42071.dir/src.cxx.o -c /Users/yejianfeng/Desktop/code/games101/tinykaboom/build/CMakeFiles/CMakeScratch/TryCompile-vfYrvu/src.cxx
Linking CXX executable cmTC_42071
/usr/local/Cellar/cmake/3.25.2/bin/cmake -E cmake_link_script CMakeFiles/cmTC_42071.dir/link.txt --verbose=1
/Library/Developer/CommandLineTools/usr/bin/c++  -isysroot /Library/Developer/CommandLineTools/SDKs/MacOSX13.1.sdk -Wl,-search_paths_first -Wl,-headerpad_max_install_names CMakeFiles/cmTC_42071.dir/src.cxx.o -o cmTC_42071 


Source file was:
int main() { return 0; }

Performing C++ SOURCE FILE Test flag_supported succeeded with the following output:
Change Dir: /Users/yejianfeng/Desktop/code/games101/tinykaboom/build/CMakeFiles/CMakeScratch/TryCompile-DzDa8j

Run Build Command(s):/usr/bin/make -f Makefile cmTC_498bb/fast && /Library/Developer/CommandLineTools/usr/bin/make  -f CMakeFiles/cmTC_498bb.dir/build.make CMakeFiles/cmTC_498bb.dir/build
Building CXX object CMakeFiles/cmTC_498bb.dir/src.cxx.o
/Library/Developer/CommandLineTools/usr/bin/c++ -Dflag_supported  -Wall  -isysroot /Library/Developer/CommandLineTools/SDKs/MacOSX13.1.sdk   -Wextra -MD -MT CMakeFiles/cmTC_498bb.dir/src.cxx.o -MF CMakeFiles/cmTC_498bb.dir/src.cxx.o.d -o CMakeFiles/cmTC_498bb.dir/src.cxx.o -c /Users/yejianfeng/Desktop/code/games101/tinykaboom/build/CMakeFiles/CMakeScratch/TryCompile-DzDa8j/src.cxx
Linking CXX executable cmTC_498bb
/usr/local/Cellar/cmake/3.25.2/bin/cmake -E cmake_link_script CMakeFiles/cmTC_498bb.dir/link.txt --verbose=1
/Library/Developer/CommandLineTools/usr/bin/c++  -Wall  -isysroot /Library/Developer/CommandLineTools/SDKs/MacOSX13.1.sdk -Wl,-search_paths_first -Wl,-headerpad_max_install_names CMakeFiles/cmTC_498bb.dir/src.cxx.o -o cmTC_498bb 


Source file was:
int main() { return 0; }

Performing C++ SOURCE FILE Test flag_supported succeeded with the following output:
Change Dir: /Users/yejianfeng/Desktop/code/games101/tinykaboom/build/CMakeFiles/CMakeScratch/TryCompile-3sk8LJ

Run Build Command(s):/usr/bin/make -f Makefile cmTC_14c44/fast && /Library/Developer/CommandLineTools/usr/bin/make  -f CMakeFiles/cmTC_14c44.dir/build.make CMakeFiles/cmTC_14c44.dir/build
Building CXX object CMakeFiles/cmTC_14c44.dir/src.cxx.o
/Library/Developer/CommandLineTools/usr/bin/c++ -Dflag_supported  -Wall -Wextra  -isysroot /Library/Developer/CommandLineTools/SDKs/MacOSX13.1.sdk   -pedantic -MD -MT CMakeFiles/cmTC_14c44.dir/src.cxx.o -MF CMakeFiles/cmTC_14c44.dir/src.cxx.o.d -o CMakeFiles/cmTC_14c44.dir/src.cxx.o -c /Users/yejianfeng/Desktop/code/games101/tinykaboom/build/CMakeFiles/CMakeScratch/TryCompile-3sk8LJ/src.cxx
Linking CXX executable cmTC_14c44
/usr/local/Cellar/cmake/3.25.2/bin/cmake -E cmake_link_script CMakeFiles/cmTC_14c44.dir/link.txt --verbose=1
/Library/Developer/CommandLineTools/usr/bin/c++  -Wall -Wextra  -isysroot /Library/Developer/CommandLineTools/SDKs/MacOSX13.1.sdk -Wl,-search_paths_first -Wl,-headerpad_max_install_names CMakeFiles/cmTC_14c44.dir/src.cxx.o -o cmTC_14c44 


Source file was:
int main() { return 0; }

Performing C++ SOURCE FILE Test flag_supported succeeded with the following output:
Change Dir: /Users/yejianfeng/Desktop/code/games101/tinykaboom/build/CMakeFiles/CMakeScratch/TryCompile-010C1w

Run Build Command(s):/usr/bin/make -f Makefile cmTC_77121/fast && /Library/Developer/CommandLineTools/usr/bin/make  -f CMakeFiles/cmTC_77121.dir/build.make CMakeFiles/cmTC_77121.dir/build
Building CXX object CMakeFiles/cmTC_77121.dir/src.cxx.o
/Library/Developer/CommandLineTools/usr/bin/c++ -Dflag_supported  -Wall -Wextra -pedantic  -isysroot /Library/Developer/CommandLineTools/SDKs/MacOSX13.1.sdk   -std=c++11 -MD -MT CMakeFiles/cmTC_77121.dir/src.cxx.o -MF CMakeFiles/cmTC_77121.dir/src.cxx.o.d -o CMakeFiles/cmTC_77121.dir/src.cxx.o -c /Users/yejianfeng/Desktop/code/games101/tinykaboom/build/CMakeFiles/CMakeScratch/TryCompile-010C1w/src.cxx
Linking CXX executable cmTC_77121
/usr/local/Cellar/cmake/3.25.2/bin/cmake -E cmake_link_script CMakeFiles/cmTC_77121.dir/link.txt --verbose=1
/Library/Developer/CommandLineTools/usr/bin/c++  -Wall -Wextra -pedantic  -isysroot /Library/Developer/CommandLineTools/SDKs/MacOSX13.1.sdk -Wl,-search_paths_first -Wl,-headerpad_max_install_names CMakeFiles/cmTC_77121.dir/src.cxx.o -o cmTC_77121 


Source file was:
int main() { return 0; }

Performing C++ SOURCE FILE Test flag_supported succeeded with the following output:
Change Dir: /Users/yejianfeng/Desktop/code/games101/tinykaboom/build/CMakeFiles/CMakeScratch/TryCompile-lDg0vr

Run Build Command(s):/usr/bin/make -f Makefile cmTC_64474/fast && /Library/Developer/CommandLineTools/usr/bin/make  -f CMakeFiles/cmTC_64474.dir/build.make CMakeFiles/cmTC_64474.dir/build
Building CXX object CMakeFiles/cmTC_64474.dir/src.cxx.o
/Library/Developer/CommandLineTools/usr/bin/c++ -Dflag_supported  -Wall -Wextra -pedantic -std=c++11  -isysroot /Library/Developer/CommandLineTools/SDKs/MacOSX13.1.sdk   -O3 -MD -MT CMakeFiles/cmTC_64474.dir/src.cxx.o -MF CMakeFiles/cmTC_64474.dir/src.cxx.o.d -o CMakeFiles/cmTC_64474.dir/src.cxx.o -c /Users/yejianfeng/Desktop/code/games101/tinykaboom/build/CMakeFiles/CMakeScratch/TryCompile-lDg0vr/src.cxx
Linking CXX executable cmTC_64474
/usr/local/Cellar/cmake/3.25.2/bin/cmake -E cmake_link_script CMakeFiles/cmTC_64474.dir/link.txt --verbose=1
/Library/Developer/CommandLineTools/usr/bin/c++  -Wall -Wextra -pedantic -std=c++11  -isysroot /Library/Developer/CommandLineTools/SDKs/MacOSX13.1.sdk -Wl,-search_paths_first -Wl,-headerpad_max_install_names CMakeFiles/cmTC_64474.dir/src.cxx.o -o cmTC_64474 


Source file was:
int main() { return 0; }

Performing C++ SOURCE FILE Test flag_supported succeeded with the following output:
Change Dir: /Users/yejianfeng/Desktop/code/games101/tinykaboom/build/CMakeFiles/CMakeScratch/TryCompile-RGPNxg

Run Build Command(s):/usr/bin/make -f Makefile cmTC_efd9c/fast && /Library/Developer/CommandLineTools/usr/bin/make  -f CMakeFiles/cmTC_efd9c.dir/build.make CMakeFiles/cmTC_efd9c.dir/build
Building CXX object CMakeFiles/cmTC_efd9c.dir/src.cxx.o
/Library/Developer/CommandLineTools/usr/bin/c++ -Dflag_supported  -isysroot /Library/Developer/CommandLineTools/SDKs/MacOSX13.1.sdk   -Wall -MD -MT CMakeFiles/cmTC_efd9c.dir/src.cxx.o -MF CMakeFiles/cmTC_efd9c.dir/src.cxx.o.d -o CMakeFiles/cmTC_efd9c.dir/src.cxx.o -c /Users/yejianfeng/Desktop/code/games101/tinykaboom/build/CMakeFiles/CMakeScratch/TryCompile-RGPNxg/src.cxx
Linking CXX executable cmTC_efd9c
/usr/local/Cellar/cmake/3.25.2/bin/cmake -E cmake_link_script CMakeFiles/cmTC_efd9c.dir/link.txt --verbose=1
/Library/Developer/CommandLineTools/usr/bin/c++  -isysroot /Library/Developer/CommandLineTools/SDKs/MacOSX13.1.sdk -Wl,-search_paths_first -Wl,-headerpad_max_install_names CMakeFiles/cmTC_efd9c.dir/src.cxx.o -o cmTC_efd9c 


Source file was:
int main() { return 0; }

Performing C++ SOURCE FILE Test flag_supported succeeded with the following output:
Change Dir: /Users/yejianfeng/Desktop/code/games101/tinykaboom/build/CMakeFiles/CMakeScratch/TryCompile-lBlTiL

Run Build Command(s):/usr/bin/make -f Makefile cmTC_b7c6f/fast && /Library/Developer/CommandLineTools/usr/bin/make  -f CMakeFiles/cmTC_b7c6f.dir/build.make CMakeFiles/cmTC_b7c6f.dir/build
Building CXX object CMakeFiles/cmTC_b7c6f.dir/src.cxx.o
/Library/Developer/CommandLineTools/usr/bin/c++ -Dflag_supported  -Wall  -isysroot /Library/Developer/CommandLineTools/SDKs/MacOSX13.1.sdk   -Wextra -MD -MT CMakeFiles/cmTC_b7c6f.dir/src.cxx.o -MF CMakeFiles/cmTC_b7c6f.dir/src.cxx.o.d -o CMakeFiles/cmTC_b7c6f.dir/src.cxx.o -c /Users/yejianfeng/Desktop/code/games101/tinykaboom/build/CMakeFiles/CMakeScratch/TryCompile-lBlTiL/src.cxx
Linking CXX executable cmTC_b7c6f
/usr/local/Cellar/cmake/3.25.2/bin/cmake -E cmake_link_script CMakeFiles/cmTC_b7c6f.dir/link.txt --verbose=1
/Library/Developer/CommandLineTools/usr/bin/c++  -Wall  -isysroot /Library/Developer/CommandLineTools/SDKs/MacOSX13.1.sdk -Wl,-search_paths_first -Wl,-headerpad_max_install_names CMakeFiles/cmTC_b7c6f.dir/src.cxx.o -o cmTC_b7c6f 


Source file was:
int main() { return 0; }

Performing C++ SOURCE FILE Test flag_supported succeeded with the following output:
Change Dir: /Users/yejianfeng/Desktop/code/games101/tinykaboom/build/CMakeFiles/CMakeScratch/TryCompile-lBGvrN

Run Build Command(s):/usr/bin/make -f Makefile cmTC_03604/fast && /Library/Developer/CommandLineTools/usr/bin/make  -f CMakeFiles/cmTC_03604.dir/build.make CMakeFiles/cmTC_03604.dir/build
Building CXX object CMakeFiles/cmTC_03604.dir/src.cxx.o
/Library/Developer/CommandLineTools/usr/bin/c++ -Dflag_supported  -Wall -Wextra  -isysroot /Library/Developer/CommandLineTools/SDKs/MacOSX13.1.sdk   -pedantic -MD -MT CMakeFiles/cmTC_03604.dir/src.cxx.o -MF CMakeFiles/cmTC_03604.dir/src.cxx.o.d -o CMakeFiles/cmTC_03604.dir/src.cxx.o -c /Users/yejianfeng/Desktop/code/games101/tinykaboom/build/CMakeFiles/CMakeScratch/TryCompile-lBGvrN/src.cxx
Linking CXX executable cmTC_03604
/usr/local/Cellar/cmake/3.25.2/bin/cmake -E cmake_link_script CMakeFiles/cmTC_03604.dir/link.txt --verbose=1
/Library/Developer/CommandLineTools/usr/bin/c++  -Wall -Wextra  -isysroot /Library/Developer/CommandLineTools/SDKs/MacOSX13.1.sdk -Wl,-search_paths_first -Wl,-headerpad_max_install_names CMakeFiles/cmTC_03604.dir/src.cxx.o -o cmTC_03604 


Source file was:
int main() { return 0; }

Performing C++ SOURCE FILE Test flag_supported succeeded with the following output:
Change Dir: /Users/yejianfeng/Desktop/code/games101/tinykaboom/build/CMakeFiles/CMakeScratch/TryCompile-z78bkD

Run Build Command(s):/usr/bin/make -f Makefile cmTC_96c04/fast && /Library/Developer/CommandLineTools/usr/bin/make  -f CMakeFiles/cmTC_96c04.dir/build.make CMakeFiles/cmTC_96c04.dir/build
Building CXX object CMakeFiles/cmTC_96c04.dir/src.cxx.o
/Library/Developer/CommandLineTools/usr/bin/c++ -Dflag_supported  -Wall -Wextra -pedantic  -isysroot /Library/Developer/CommandLineTools/SDKs/MacOSX13.1.sdk   -std=c++11 -MD -MT CMakeFiles/cmTC_96c04.dir/src.cxx.o -MF CMakeFiles/cmTC_96c04.dir/src.cxx.o.d -o CMakeFiles/cmTC_96c04.dir/src.cxx.o -c /Users/yejianfeng/Desktop/code/games101/tinykaboom/build/CMakeFiles/CMakeScratch/TryCompile-z78bkD/src.cxx
Linking CXX executable cmTC_96c04
/usr/local/Cellar/cmake/3.25.2/bin/cmake -E cmake_link_script CMakeFiles/cmTC_96c04.dir/link.txt --verbose=1
/Library/Developer/CommandLineTools/usr/bin/c++  -Wall -Wextra -pedantic  -isysroot /Library/Developer/CommandLineTools/SDKs/MacOSX13.1.sdk -Wl,-search_paths_first -Wl,-headerpad_max_install_names CMakeFiles/cmTC_96c04.dir/src.cxx.o -o cmTC_96c04 


Source file was:
int main() { return 0; }

Performing C++ SOURCE FILE Test flag_supported succeeded with the following output:
Change Dir: /Users/yejianfeng/Desktop/code/games101/tinykaboom/build/CMakeFiles/CMakeScratch/TryCompile-XRquiu

Run Build Command(s):/usr/bin/make -f Makefile cmTC_aa7ba/fast && /Library/Developer/CommandLineTools/usr/bin/make  -f CMakeFiles/cmTC_aa7ba.dir/build.make CMakeFiles/cmTC_aa7ba.dir/build
Building CXX object CMakeFiles/cmTC_aa7ba.dir/src.cxx.o
/Library/Developer/CommandLineTools/usr/bin/c++ -Dflag_supported  -Wall -Wextra -pedantic -std=c++11  -isysroot /Library/Developer/CommandLineTools/SDKs/MacOSX13.1.sdk   -O3 -MD -MT CMakeFiles/cmTC_aa7ba.dir/src.cxx.o -MF CMakeFiles/cmTC_aa7ba.dir/src.cxx.o.d -o CMakeFiles/cmTC_aa7ba.dir/src.cxx.o -c /Users/yejianfeng/Desktop/code/games101/tinykaboom/build/CMakeFiles/CMakeScratch/TryCompile-XRquiu/src.cxx
Linking CXX executable cmTC_aa7ba
/usr/local/Cellar/cmake/3.25.2/bin/cmake -E cmake_link_script CMakeFiles/cmTC_aa7ba.dir/link.txt --verbose=1
/Library/Developer/CommandLineTools/usr/bin/c++  -Wall -Wextra -pedantic -std=c++11  -isysroot /Library/Developer/CommandLineTools/SDKs/MacOSX13.1.sdk -Wl,-search_paths_first -Wl,-headerpad_max_install_names CMakeFiles/cmTC_aa7ba.dir/src.cxx.o -o cmTC_aa7ba 


Source file was:
int main() { return 0; }

Performing C++ SOURCE FILE Test flag_supported succeeded with the following output:
Change Dir: /Users/yejianfeng/Desktop/code/games101/tinykaboom/build/CMakeFiles/CMakeScratch/TryCompile-f2ragF

Run Build Command(s):/usr/bin/make -f Makefile cmTC_499d6/fast && /Library/Developer/CommandLineTools/usr/bin/make  -f CMakeFiles/cmTC_499d6.dir/build.make CMakeFiles/cmTC_499d6.dir/build
Building CXX object CMakeFiles/cmTC_499d6.dir/src.cxx.o
/Library/Developer/CommandLineTools/usr/bin/c++ -Dflag_supported  -isysroot /Library/Developer/CommandLineTools/SDKs/MacOSX13.1.sdk   -Wall -MD -MT CMakeFiles/cmTC_499d6.dir/src.cxx.o -MF CMakeFiles/cmTC_499d6.dir/src.cxx.o.d -o CMakeFiles/cmTC_499d6.dir/src.cxx.o -c /Users/yejianfeng/Desktop/code/games101/tinykaboom/build/CMakeFiles/CMakeScratch/TryCompile-f2ragF/src.cxx
Linking CXX executable cmTC_499d6
/usr/local/Cellar/cmake/3.25.2/bin/cmake -E cmake_link_script CMakeFiles/cmTC_499d6.dir/link.txt --verbose=1
/Library/Developer/CommandLineTools/usr/bin/c++  -isysroot /Library/Developer/CommandLineTools/SDKs/MacOSX13.1.sdk -Wl,-search_paths_first -Wl,-headerpad_max_install_names CMakeFiles/cmTC_499d6.dir/src.cxx.o -o cmTC_499d6 


Source file was:
int main() { return 0; }

Performing C++ SOURCE FILE Test flag_supported succeeded with the following output:
Change Dir: /Users/yejianfeng/Desktop/code/games101/tinykaboom/build/CMakeFiles/CMakeScratch/TryCompile-HOCzg5

Run Build Command(s):/usr/bin/make -f Makefile cmTC_6a5da/fast && /Library/Developer/CommandLineTools/usr/bin/make  -f CMakeFiles/cmTC_6a5da.dir/build.make CMakeFiles/cmTC_6a5da.dir/build
Building CXX object CMakeFiles/cmTC_6a5da.dir/src.cxx.o
/Library/Developer/CommandLineTools/usr/bin/c++ -Dflag_supported  -Wall  -isysroot /Library/Developer/CommandLineTools/SDKs/MacOSX13.1.sdk   -Wextra -MD -MT CMakeFiles/cmTC_6a5da.dir/src.cxx.o -MF CMakeFiles/cmTC_6a5da.dir/src.cxx.o.d -o CMakeFiles/cmTC_6a5da.dir/src.cxx.o -c /Users/yejianfeng/Desktop/code/games101/tinykaboom/build/CMakeFiles/CMakeScratch/TryCompile-HOCzg5/src.cxx
Linking CXX executable cmTC_6a5da
/usr/local/Cellar/cmake/3.25.2/bin/cmake -E cmake_link_script CMakeFiles/cmTC_6a5da.dir/link.txt --verbose=1
/Library/Developer/CommandLineTools/usr/bin/c++  -Wall  -isysroot /Library/Developer/CommandLineTools/SDKs/MacOSX13.1.sdk -Wl,-search_paths_first -Wl,-headerpad_max_install_names CMakeFiles/cmTC_6a5da.dir/src.cxx.o -o cmTC_6a5da 


Source file was:
int main() { return 0; }

Performing C++ SOURCE FILE Test flag_supported succeeded with the following output:
Change Dir: /Users/yejianfeng/Desktop/code/games101/tinykaboom/build/CMakeFiles/CMakeScratch/TryCompile-v1DMHz

Run Build Command(s):/usr/bin/make -f Makefile cmTC_a22cb/fast && /Library/Developer/CommandLineTools/usr/bin/make  -f CMakeFiles/cmTC_a22cb.dir/build.make CMakeFiles/cmTC_a22cb.dir/build
Building CXX object CMakeFiles/cmTC_a22cb.dir/src.cxx.o
/Library/Developer/CommandLineTools/usr/bin/c++ -Dflag_supported  -Wall -Wextra  -isysroot /Library/Developer/CommandLineTools/SDKs/MacOSX13.1.sdk   -pedantic -MD -MT CMakeFiles/cmTC_a22cb.dir/src.cxx.o -MF CMakeFiles/cmTC_a22cb.dir/src.cxx.o.d -o CMakeFiles/cmTC_a22cb.dir/src.cxx.o -c /Users/yejianfeng/Desktop/code/games101/tinykaboom/build/CMakeFiles/CMakeScratch/TryCompile-v1DMHz/src.cxx
Linking CXX executable cmTC_a22cb
/usr/local/Cellar/cmake/3.25.2/bin/cmake -E cmake_link_script CMakeFiles/cmTC_a22cb.dir/link.txt --verbose=1
/Library/Developer/CommandLineTools/usr/bin/c++  -Wall -Wextra  -isysroot /Library/Developer/CommandLineTools/SDKs/MacOSX13.1.sdk -Wl,-search_paths_first -Wl,-headerpad_max_install_names CMakeFiles/cmTC_a22cb.dir/src.cxx.o -o cmTC_a22cb 


Source file was:
int main() { return 0; }

Performing C++ SOURCE FILE Test flag_supported succeeded with the following output:
Change Dir: /Users/yejianfeng/Desktop/code/games101/tinykaboom/build/CMakeFiles/CMakeScratch/TryCompile-JcvrKv

Run Build Command(s):/usr/bin/make -f Makefile cmTC_91555/fast && /Library/Developer/CommandLineTools/usr/bin/make  -f CMakeFiles/cmTC_91555.dir/build.make CMakeFiles/cmTC_91555.dir/build
Building CXX object CMakeFiles/cmTC_91555.dir/src.cxx.o
/Library/Developer/CommandLineTools/usr/bin/c++ -Dflag_supported  -Wall -Wextra -pedantic  -isysroot /Library/Developer/CommandLineTools/SDKs/MacOSX13.1.sdk   -std=c++11 -MD -MT CMakeFiles/cmTC_91555.dir/src.cxx.o -MF CMakeFiles/cmTC_91555.dir/src.cxx.o.d -o CMakeFiles/cmTC_91555.dir/src.cxx.o -c /Users/yejianfeng/Desktop/code/games101/tinykaboom/build/CMakeFiles/CMakeScratch/TryCompile-JcvrKv/src.cxx
Linking CXX executable cmTC_91555
/usr/local/Cellar/cmake/3.25.2/bin/cmake -E cmake_link_script CMakeFiles/cmTC_91555.dir/link.txt --verbose=1
/Library/Developer/CommandLineTools/usr/bin/c++  -Wall -Wextra -pedantic  -isysroot /Library/Developer/CommandLineTools/SDKs/MacOSX13.1.sdk -Wl,-search_paths_first -Wl,-headerpad_max_install_names CMakeFiles/cmTC_91555.dir/src.cxx.o -o cmTC_91555 


Source file was:
int main() { return 0; }

Performing C++ SOURCE FILE Test flag_supported succeeded with the following output:
Change Dir: /Users/yejianfeng/Desktop/code/games101/tinykaboom/build/CMakeFiles/CMakeScratch/TryCompile-KnbCOr

Run Build Command(s):/usr/bin/make -f Makefile cmTC_90fdd/fast && /Library/Developer/CommandLineTools/usr/bin/make  -f CMakeFiles/cmTC_90fdd.dir/build.make CMakeFiles/cmTC_90fdd.dir/build
Building CXX object CMakeFiles/cmTC_90fdd.dir/src.cxx.o
/Library/Developer/CommandLineTools/usr/bin/c++ -Dflag_supported  -Wall -Wextra -pedantic -std=c++11  -isysroot /Library/Developer/CommandLineTools/SDKs/MacOSX13.1.sdk   -O3 -MD -MT CMakeFiles/cmTC_90fdd.dir/src.cxx.o -MF CMakeFiles/cmTC_90fdd.dir/src.cxx.o.d -o CMakeFiles/cmTC_90fdd.dir/src.cxx.o -c /Users/yejianfeng/Desktop/code/games101/tinykaboom/build/CMakeFiles/CMakeScratch/TryCompile-KnbCOr/src.cxx
Linking CXX executable cmTC_90fdd
/usr/local/Cellar/cmake/3.25.2/bin/cmake -E cmake_link_script CMakeFiles/cmTC_90fdd.dir/link.txt --verbose=1
/Library/Developer/CommandLineTools/usr/bin/c++  -Wall -Wextra -pedantic -std=c++11  -isysroot /Library/Developer/CommandLineTools/SDKs/MacOSX13.1.sdk -Wl,-search_paths_first -Wl,-headerpad_max_install_names CMakeFiles/cmTC_90fdd.dir/src.cxx.o -o cmTC_90fdd 


Source file was:
int main() { return 0; }

Performing C++ SOURCE FILE Test flag_supported succeeded with the following output:
Change Dir: /Users/yejianfeng/Desktop/code/games101/tinykaboom/build/CMakeFiles/CMakeScratch/TryCompile-hsOCIH

Run Build Command(s):/usr/bin/make -f Makefile cmTC_21c28/fast && /Library/Developer/CommandLineTools/usr/bin/make  -f CMakeFiles/cmTC_21c28.dir/build.make CMakeFiles/cmTC_21c28.dir/build
Building CXX object CMakeFiles/cmTC_21c28.dir/src.cxx.o
/Library/Developer/CommandLineTools/usr/bin/c++ -Dflag_supported  -isysroot /Library/Developer/CommandLineTools/SDKs/MacOSX13.1.sdk   -Wall -MD -MT CMakeFiles/cmTC_21c28.dir/src.cxx.o -MF CMakeFiles/cmTC_21c28.dir/src.cxx.o.d -o CMakeFiles/cmTC_21c28.dir/src.cxx.o -c /Users/yejianfeng/Desktop/code/games101/tinykaboom/build/CMakeFiles/CMakeScratch/TryCompile-hsOCIH/src.cxx
Linking CXX executable cmTC_21c28
/usr/local/Cellar/cmake/3.25.2/bin/cmake -E cmake_link_script CMakeFiles/cmTC_21c28.dir/link.txt --verbose=1
/Library/Developer/CommandLineTools/usr/bin/c++  -isysroot /Library/Developer/CommandLineTools/SDKs/MacOSX13.1.sdk -Wl,-search_paths_first -Wl,-headerpad_max_install_names CMakeFiles/cmTC_21c28.dir/src.cxx.o -o cmTC_21c28 


Source file was:
int main() { return 0; }

Performing C++ SOURCE FILE Test flag_supported succeeded with the following output:
Change Dir: /Users/yejianfeng/Desktop/code/games101/tinykaboom/build/CMakeFiles/CMakeScratch/TryCompile-1W3PzN

Run Build Command(s):/usr/bin/make -f Makefile cmTC_133da/fast && /Library/Developer/CommandLineTools/usr/bin/make  -f CMakeFiles/cmTC_133da.dir/build.make CMakeFiles/cmTC_133da.dir/build
Building CXX object CMakeFiles/cmTC_133da.dir/src.cxx.o
/Library/Developer/CommandLineTools/usr/bin/c++ -Dflag_supported  -Wall  -isysroot /Library/Developer/CommandLineTools/SDKs/MacOSX13.1.sdk   -Wextra -MD -MT CMakeFiles/cmTC_133da.dir/src.cxx.o -MF CMakeFiles/cmTC_133da.dir/src.cxx.o.d -o CMakeFiles/cmTC_133da.dir/src.cxx.o -c /Users/yejianfeng/Desktop/code/games101/tinykaboom/build/CMakeFiles/CMakeScratch/TryCompile-1W3PzN/src.cxx
Linking CXX executable cmTC_133da
/usr/local/Cellar/cmake/3.25.2/bin/cmake -E cmake_link_script CMakeFiles/cmTC_133da.dir/link.txt --verbose=1
/Library/Developer/CommandLineTools/usr/bin/c++  -Wall  -isysroot /Library/Developer/CommandLineTools/SDKs/MacOSX13.1.sdk -Wl,-search_paths_first -Wl,-headerpad_max_install_names CMakeFiles/cmTC_133da.dir/src.cxx.o -o cmTC_133da 


Source file was:
int main() { return 0; }

Performing C++ SOURCE FILE Test flag_supported succeeded with the following output:
Change Dir: /Users/yejianfeng/Desktop/code/games101/tinykaboom/build/CMakeFiles/CMakeScratch/TryCompile-8SQ9ds

Run Build Command(s):/usr/bin/make -f Makefile cmTC_1f387/fast && /Library/Developer/CommandLineTools/usr/bin/make  -f CMakeFiles/cmTC_1f387.dir/build.make CMakeFiles/cmTC_1f387.dir/build
Building CXX object CMakeFiles/cmTC_1f387.dir/src.cxx.o
/Library/Developer/CommandLineTools/usr/bin/c++ -Dflag_supported  -Wall -Wextra  -isysroot /Library/Developer/CommandLineTools/SDKs/MacOSX13.1.sdk   -pedantic -MD -MT CMakeFiles/cmTC_1f387.dir/src.cxx.o -MF CMakeFiles/cmTC_1f387.dir/src.cxx.o.d -o CMakeFiles/cmTC_1f387.dir/src.cxx.o -c /Users/yejianfeng/Desktop/code/games101/tinykaboom/build/CMakeFiles/CMakeScratch/TryCompile-8SQ9ds/src.cxx
Linking CXX executable cmTC_1f387
/usr/local/Cellar/cmake/3.25.2/bin/cmake -E cmake_link_script CMakeFiles/cmTC_1f387.dir/link.txt --verbose=1
/Library/Developer/CommandLineTools/usr/bin/c++  -Wall -Wextra  -isysroot /Library/Developer/CommandLineTools/SDKs/MacOSX13.1.sdk -Wl,-search_paths_first -Wl,-headerpad_max_install_names CMakeFiles/cmTC_1f387.dir/src.cxx.o -o cmTC_1f387 


Source file was:
int main() { return 0; }

Performing C++ SOURCE FILE Test flag_supported succeeded with the following output:
Change Dir: /Users/yejianfeng/Desktop/code/games101/tinykaboom/build/CMakeFiles/CMakeScratch/TryCompile-tKoY75

Run Build Command(s):/usr/bin/make -f Makefile cmTC_81acf/fast && /Library/Developer/CommandLineTools/usr/bin/make  -f CMakeFiles/cmTC_81acf.dir/build.make CMakeFiles/cmTC_81acf.dir/build
Building CXX object CMakeFiles/cmTC_81acf.dir/src.cxx.o
/Library/Developer/CommandLineTools/usr/bin/c++ -Dflag_supported  -Wall -Wextra -pedantic  -isysroot /Library/Developer/CommandLineTools/SDKs/MacOSX13.1.sdk   -std=c++11 -MD -MT CMakeFiles/cmTC_81acf.dir/src.cxx.o -MF CMakeFiles/cmTC_81acf.dir/src.cxx.o.d -o CMakeFiles/cmTC_81acf.dir/src.cxx.o -c /Users/yejianfeng/Desktop/code/games101/tinykaboom/build/CMakeFiles/CMakeScratch/TryCompile-tKoY75/src.cxx
Linking CXX executable cmTC_81acf
/usr/local/Cellar/cmake/3.25.2/bin/cmake -E cmake_link_script CMakeFiles/cmTC_81acf.dir/link.txt --verbose=1
/Library/Developer/CommandLineTools/usr/bin/c++  -Wall -Wextra -pedantic  -isysroot /Library/Developer/CommandLineTools/SDKs/MacOSX13.1.sdk -Wl,-search_paths_first -Wl,-headerpad_max_install_names CMakeFiles/cmTC_81acf.dir/src.cxx.o -o cmTC_81acf 


Source file was:
int main() { return 0; }

Performing C++ SOURCE FILE Test flag_supported succeeded with the following output:
Change Dir: /Users/yejianfeng/Desktop/code/games101/tinykaboom/build/CMakeFiles/CMakeScratch/TryCompile-C7RwOE

Run Build Command(s):/usr/bin/make -f Makefile cmTC_6d60d/fast && /Library/Developer/CommandLineTools/usr/bin/make  -f CMakeFiles/cmTC_6d60d.dir/build.make CMakeFiles/cmTC_6d60d.dir/build
Building CXX object CMakeFiles/cmTC_6d60d.dir/src.cxx.o
/Library/Developer/CommandLineTools/usr/bin/c++ -Dflag_supported  -Wall -Wextra -pedantic -std=c++11  -isysroot /Library/Developer/CommandLineTools/SDKs/MacOSX13.1.sdk   -O3 -MD -MT CMakeFiles/cmTC_6d60d.dir/src.cxx.o -MF CMakeFiles/cmTC_6d60d.dir/src.cxx.o.d -o CMakeFiles/cmTC_6d60d.dir/src.cxx.o -c /Users/yejianfeng/Desktop/code/games101/tinykaboom/build/CMakeFiles/CMakeScratch/TryCompile-C7RwOE/src.cxx
Linking CXX executable cmTC_6d60d
/usr/local/Cellar/cmake/3.25.2/bin/cmake -E cmake_link_script CMakeFiles/cmTC_6d60d.dir/link.txt --verbose=1
/Library/Developer/CommandLineTools/usr/bin/c++  -Wall -Wextra -pedantic -std=c++11  -isysroot /Library/Developer/CommandLineTools/SDKs/MacOSX13.1.sdk -Wl,-search_paths_first -Wl,-headerpad_max_install_names CMakeFiles/cmTC_6d60d.dir/src.cxx.o -o cmTC_6d60d 


Source file was:
int main() { return 0; }

